<?xml version="1.0" encoding="UTF-8"?>
<!-- Generated by org.testng.reporters.JUnitReportReporter -->
<testsuite hostname="DESKTOP-OFVVT2S" failures="0" tests="1" name="testngprgms.ParameterTest" time="0.016" errors="0" timestamp="2023-06-12T10:13:34 IST" skipped="0">
  <testcase classname="testngprgms.ParameterTest" name="test" time="0.016"/>
  <system-out/>
</testsuite> <!-- testngprgms.ParameterTest -->
