<?xml version="1.0" encoding="UTF-8"?>
<!-- Generated by org.testng.reporters.JUnitReportReporter -->
<testsuite hostname="DESKTOP-OFVVT2S" failures="0" tests="5" name="testngprgms.Testngdemo" time="6.332" errors="0" timestamp="2023-05-25T12:32:18 IST" skipped="0">
  <testcase classname="testngprgms.Testngdemo" name="c" time="0.955"/>
  <system-out/>
  <testcase classname="testngprgms.Testngdemo" name="c" time="2.528"/>
  <system-out/>
  <testcase classname="testngprgms.Testngdemo" name="login" time="0.890"/>
  <system-out/>
  <testcase classname="testngprgms.Testngdemo" name="registration" time="0.895"/>
  <system-out/>
  <testcase classname="testngprgms.Testngdemo" name="c" time="1.064"/>
  <system-out/>
</testsuite> <!-- testngprgms.Testngdemo -->
