<?xml version="1.0" encoding="UTF-8"?>
<!-- Generated by org.testng.reporters.JUnitReportReporter -->
<testsuite hostname="DESKTOP-OFVVT2S" failures="0" tests="1" name="testngprgms.KeyboardPrgm" time="54.968" errors="0" timestamp="2023-06-05T09:47:28 IST" skipped="0">
  <testcase classname="testngprgms.KeyboardPrgm" name="testing" time="54.968"/>
  <system-out/>
</testsuite> <!-- testngprgms.KeyboardPrgm -->
