<?xml version="1.0" encoding="UTF-8"?>
<!-- Generated by org.testng.reporters.JUnitReportReporter -->
<testsuite hostname="DESKTOP-OFVVT2S" failures="0" tests="1" name="testngprgms.WindowHandling" time="71.286" errors="0" timestamp="2023-06-12T14:08:57 IST" skipped="0">
  <testcase classname="testngprgms.WindowHandling" name="test" time="71.286"/>
  <system-out/>
</testsuite> <!-- testngprgms.WindowHandling -->
