<?xml version="1.0" encoding="UTF-8"?>
<!-- Generated by org.testng.reporters.JUnitReportReporter -->
<testsuite hostname="DESKTOP-OFVVT2S" failures="0" tests="1" name="DataDrivenTesting" time="33.840" errors="0" timestamp="2023-06-01T14:50:36 IST" skipped="0">
  <testcase classname="DataDrivenTesting" name="test" time="33.840"/>
  <system-out/>
</testsuite> <!-- DataDrivenTesting -->
