<?xml version="1.0" encoding="UTF-8"?>
<!-- Generated by org.testng.reporters.JUnitReportReporter -->
<testsuite hostname="DESKTOP-OFVVT2S" failures="0" tests="1" name="testngprgms.DatePicker" time="13.892" errors="0" timestamp="2023-06-10T12:10:41 IST" skipped="0">
  <testcase classname="testngprgms.DatePicker" name="testing" time="13.892"/>
  <system-out/>
</testsuite> <!-- testngprgms.DatePicker -->
