<?xml version="1.0" encoding="UTF-8"?>
<!-- Generated by org.testng.reporters.JUnitReportReporter -->
<testsuite hostname="DESKTOP-OFVVT2S" failures="0" tests="3" name="testngprgms.Prority" time="0.034" errors="0" timestamp="2023-06-16T15:58:41 IST" skipped="1">
  <testcase classname="testngprgms.Prority" name="login" time="0.002"/>
  <system-out/>
  <testcase classname="testngprgms.Prority" name="abc" time="0.032"/>
  <system-out/>
  <testcase classname="testngprgms.Prority" name="reg">
    <skipped/>
  </testcase> <!-- reg -->
  <system-out/>
</testsuite> <!-- testngprgms.Prority -->
