<?xml version="1.0" encoding="UTF-8"?>
<!-- Generated by org.testng.reporters.JUnitReportReporter -->
<testsuite hostname="DESKTOP-OFVVT2S" failures="0" tests="2" name="testngprgms.BrowserTest" time="77.659" errors="0" timestamp="2023-06-22T16:27:40 IST" skipped="0">
  <testcase classname="testngprgms.BrowserTest" name="testing" time="51.862"/>
  <system-out/>
  <testcase classname="testngprgms.BrowserTest" name="testing" time="25.797"/>
  <system-out/>
</testsuite> <!-- testngprgms.BrowserTest -->
