<?xml version="1.0" encoding="UTF-8"?>
<!-- Generated by org.testng.reporters.JUnitReportReporter -->
<testsuite hostname="DESKTOP-OFVVT2S" failures="0" tests="1" name="testngprgms.Grouping" time="0.021" errors="0" timestamp="2023-06-16T16:18:27 IST" skipped="0">
  <testcase classname="testngprgms.Grouping" name="test3" time="0.021"/>
  <system-out/>
</testsuite> <!-- testngprgms.Grouping -->
