<?xml version="1.0" encoding="UTF-8"?>
<!-- Generated by org.testng.reporters.JUnitReportReporter -->
<testsuite hostname="DESKTOP-OFVVT2S" failures="0" tests="2" name="testngprgms.CrossBrowserTest" time="10.044" errors="0" timestamp="2023-05-31T12:29:41 IST" skipped="0">
  <testcase classname="testngprgms.CrossBrowserTest" name="testing" time="2.993"/>
  <system-out/>
  <testcase classname="testngprgms.CrossBrowserTest" name="testing" time="7.051"/>
  <system-out/>
</testsuite> <!-- testngprgms.CrossBrowserTest -->
