<?xml version="1.0" encoding="UTF-8"?>
<!-- Generated by org.testng.reporters.JUnitReportReporter -->
<testsuite hostname="DESKTOP-OFVVT2S" failures="0" tests="5" name="testngprgms.CrossBrowserTesting" time="157.988" errors="2" timestamp="2023-06-07T09:48:56 IST" skipped="2">
  <testcase classname="testngprgms.CrossBrowserTesting" name="testing" time="0.000">
    <skipped/>
  </testcase> <!-- testing -->
  <system-out/>
  <testcase classname="testngprgms.CrossBrowserTesting" name="setup" time="142.042">
    <error message="Could not start a new session. Response code 500. Message: No connection could be made because the target machine actively refused it. (os error 10061) 
Host info: host: &#039;DESKTOP-OFVVT2S&#039;, ip: &#039;192.168.1.56&#039;
Build info: version: &#039;4.9.0&#039;, revision: &#039;d7057100a6&#039;
System info: os.name: &#039;Windows 10&#039;, os.arch: &#039;amd64&#039;, os.version: &#039;10.0&#039;, java.version: &#039;10.0.2&#039;
Driver info: org.openqa.selenium.firefox.FirefoxDriver
Command: [null, newSession {capabilities=[Capabilities {acceptInsecureCerts: true, browserName: firefox, moz:debuggerAddress: true, moz:firefoxOptions: {}}]}]" type="org.openqa.selenium.SessionNotCreatedException">
      <![CDATA[org.openqa.selenium.SessionNotCreatedException: Could not start a new session. Response code 500. Message: No connection could be made because the target machine actively refused it. (os error 10061) 
Host info: host: 'DESKTOP-OFVVT2S', ip: '192.168.1.56'
Build info: version: '4.9.0', revision: 'd7057100a6'
System info: os.name: 'Windows 10', os.arch: 'amd64', os.version: '10.0', java.version: '10.0.2'
Driver info: org.openqa.selenium.firefox.FirefoxDriver
Command: [null, newSession {capabilities=[Capabilities {acceptInsecureCerts: true, browserName: firefox, moz:debuggerAddress: true, moz:firefoxOptions: {}}]}]
at org.openqa.selenium.remote.ProtocolHandshake.createSession(ProtocolHandshake.java:136)
at org.openqa.selenium.remote.ProtocolHandshake.createSession(ProtocolHandshake.java:94)
at org.openqa.selenium.remote.ProtocolHandshake.createSession(ProtocolHandshake.java:68)
at org.openqa.selenium.remote.HttpCommandExecutor.execute(HttpCommandExecutor.java:165)
at org.openqa.selenium.remote.service.DriverCommandExecutor.invokeExecute(DriverCommandExecutor.java:183)
at org.openqa.selenium.remote.service.DriverCommandExecutor.execute(DriverCommandExecutor.java:158)
at org.openqa.selenium.remote.RemoteWebDriver.execute(RemoteWebDriver.java:543)
at org.openqa.selenium.remote.RemoteWebDriver.startSession(RemoteWebDriver.java:229)
at org.openqa.selenium.remote.RemoteWebDriver.<init>(RemoteWebDriver.java:157)
at org.openqa.selenium.firefox.FirefoxDriver.<init>(FirefoxDriver.java:150)
at org.openqa.selenium.firefox.FirefoxDriver.<init>(FirefoxDriver.java:146)
at org.openqa.selenium.firefox.FirefoxDriver.<init>(FirefoxDriver.java:131)
at org.openqa.selenium.firefox.FirefoxDriver.<init>(FirefoxDriver.java:127)
at org.openqa.selenium.firefox.FirefoxDriver.<init>(FirefoxDriver.java:112)
at org.openqa.selenium.firefox.FirefoxDriver.<init>(FirefoxDriver.java:102)
at testngprgms.CrossBrowserTesting.setup(CrossBrowserTesting.java:25)
at java.base/jdk.internal.reflect.NativeMethodAccessorImpl.invoke0(Native Method)
at java.base/jdk.internal.reflect.NativeMethodAccessorImpl.invoke(Unknown Source)
at java.base/jdk.internal.reflect.DelegatingMethodAccessorImpl.invoke(Unknown Source)
at java.base/java.lang.reflect.Method.invoke(Unknown Source)
at org.testng.internal.MethodInvocationHelper.invokeMethod(MethodInvocationHelper.java:133)
at org.testng.internal.MethodInvocationHelper.invokeMethodConsideringTimeout(MethodInvocationHelper.java:62)
at org.testng.internal.ConfigInvoker.invokeConfigurationMethod(ConfigInvoker.java:385)
at org.testng.internal.ConfigInvoker.invokeConfigurations(ConfigInvoker.java:321)
at org.testng.TestRunner.invokeTestConfigurations(TestRunner.java:637)
at org.testng.TestRunner.beforeRun(TestRunner.java:627)
at org.testng.TestRunner.run(TestRunner.java:589)
at org.testng.SuiteRunner.runTest(SuiteRunner.java:377)
at org.testng.SuiteRunner.runSequentially(SuiteRunner.java:371)
at org.testng.SuiteRunner.privateRun(SuiteRunner.java:332)
at org.testng.SuiteRunner.run(SuiteRunner.java:276)
at org.testng.SuiteRunnerWorker.runSuite(SuiteRunnerWorker.java:53)
at org.testng.SuiteRunnerWorker.run(SuiteRunnerWorker.java:96)
at org.testng.TestNG.runSuitesSequentially(TestNG.java:1212)
at org.testng.TestNG.runSuitesLocally(TestNG.java:1134)
at org.testng.TestNG.runSuites(TestNG.java:1063)
at org.testng.TestNG.run(TestNG.java:1031)
at org.testng.remote.AbstractRemoteTestNG.run(AbstractRemoteTestNG.java:115)
at org.testng.remote.RemoteTestNG.initAndRun(RemoteTestNG.java:251)
at org.testng.remote.RemoteTestNG.main(RemoteTestNG.java:77)
]]>
    </error>
  </testcase> <!-- setup -->
  <system-out/>
  <testcase classname="testngprgms.CrossBrowserTesting" name="testing" time="0.000">
    <skipped/>
  </testcase> <!-- testing -->
  <system-out/>
  <testcase classname="testngprgms.CrossBrowserTesting" name="setup" time="8.537">
    <error message="Could not start a new session. Response code 500. Message: unknown error: cannot find msedge binary 
Host info: host: &#039;DESKTOP-OFVVT2S&#039;, ip: &#039;192.168.1.56&#039;
Build info: version: &#039;4.9.0&#039;, revision: &#039;d7057100a6&#039;
System info: os.name: &#039;Windows 10&#039;, os.arch: &#039;amd64&#039;, os.version: &#039;10.0&#039;, java.version: &#039;10.0.2&#039;
Driver info: org.openqa.selenium.edge.EdgeDriver
Command: [null, newSession {capabilities=[Capabilities {browserName: MicrosoftEdge, ms:edgeOptions: {args: [--remote-allow-origins=*], extensions: []}}]}]" type="org.openqa.selenium.SessionNotCreatedException">
      <![CDATA[org.openqa.selenium.SessionNotCreatedException: Could not start a new session. Response code 500. Message: unknown error: cannot find msedge binary 
Host info: host: 'DESKTOP-OFVVT2S', ip: '192.168.1.56'
Build info: version: '4.9.0', revision: 'd7057100a6'
System info: os.name: 'Windows 10', os.arch: 'amd64', os.version: '10.0', java.version: '10.0.2'
Driver info: org.openqa.selenium.edge.EdgeDriver
Command: [null, newSession {capabilities=[Capabilities {browserName: MicrosoftEdge, ms:edgeOptions: {args: [--remote-allow-origins=*], extensions: []}}]}]
at org.openqa.selenium.remote.ProtocolHandshake.createSession(ProtocolHandshake.java:136)
at org.openqa.selenium.remote.ProtocolHandshake.createSession(ProtocolHandshake.java:94)
at org.openqa.selenium.remote.ProtocolHandshake.createSession(ProtocolHandshake.java:68)
at org.openqa.selenium.remote.HttpCommandExecutor.execute(HttpCommandExecutor.java:165)
at org.openqa.selenium.remote.service.DriverCommandExecutor.invokeExecute(DriverCommandExecutor.java:183)
at org.openqa.selenium.remote.service.DriverCommandExecutor.execute(DriverCommandExecutor.java:158)
at org.openqa.selenium.remote.RemoteWebDriver.execute(RemoteWebDriver.java:543)
at org.openqa.selenium.remote.RemoteWebDriver.startSession(RemoteWebDriver.java:229)
at org.openqa.selenium.remote.RemoteWebDriver.<init>(RemoteWebDriver.java:157)
at org.openqa.selenium.chromium.ChromiumDriver.<init>(ChromiumDriver.java:101)
at org.openqa.selenium.edge.EdgeDriver.<init>(EdgeDriver.java:60)
at org.openqa.selenium.edge.EdgeDriver.<init>(EdgeDriver.java:56)
at org.openqa.selenium.edge.EdgeDriver.<init>(EdgeDriver.java:48)
at org.openqa.selenium.edge.EdgeDriver.<init>(EdgeDriver.java:44)
at testngprgms.CrossBrowserTesting.setup(CrossBrowserTesting.java:29)
at java.base/jdk.internal.reflect.NativeMethodAccessorImpl.invoke0(Native Method)
at java.base/jdk.internal.reflect.NativeMethodAccessorImpl.invoke(Unknown Source)
at java.base/jdk.internal.reflect.DelegatingMethodAccessorImpl.invoke(Unknown Source)
at java.base/java.lang.reflect.Method.invoke(Unknown Source)
at org.testng.internal.MethodInvocationHelper.invokeMethod(MethodInvocationHelper.java:133)
at org.testng.internal.MethodInvocationHelper.invokeMethodConsideringTimeout(MethodInvocationHelper.java:62)
at org.testng.internal.ConfigInvoker.invokeConfigurationMethod(ConfigInvoker.java:385)
at org.testng.internal.ConfigInvoker.invokeConfigurations(ConfigInvoker.java:321)
at org.testng.TestRunner.invokeTestConfigurations(TestRunner.java:637)
at org.testng.TestRunner.beforeRun(TestRunner.java:627)
at org.testng.TestRunner.run(TestRunner.java:589)
at org.testng.SuiteRunner.runTest(SuiteRunner.java:377)
at org.testng.SuiteRunner.runSequentially(SuiteRunner.java:371)
at org.testng.SuiteRunner.privateRun(SuiteRunner.java:332)
at org.testng.SuiteRunner.run(SuiteRunner.java:276)
at org.testng.SuiteRunnerWorker.runSuite(SuiteRunnerWorker.java:53)
at org.testng.SuiteRunnerWorker.run(SuiteRunnerWorker.java:96)
at org.testng.TestNG.runSuitesSequentially(TestNG.java:1212)
at org.testng.TestNG.runSuitesLocally(TestNG.java:1134)
at org.testng.TestNG.runSuites(TestNG.java:1063)
at org.testng.TestNG.run(TestNG.java:1031)
at org.testng.remote.AbstractRemoteTestNG.run(AbstractRemoteTestNG.java:115)
at org.testng.remote.RemoteTestNG.initAndRun(RemoteTestNG.java:251)
at org.testng.remote.RemoteTestNG.main(RemoteTestNG.java:77)
]]>
    </error>
  </testcase> <!-- setup -->
  <system-out/>
  <testcase classname="testngprgms.CrossBrowserTesting" name="testing" time="7.409"/>
  <system-out/>
</testsuite> <!-- testngprgms.CrossBrowserTesting -->
