<?xml version="1.0" encoding="UTF-8"?>
<!-- Generated by org.testng.reporters.JUnitReportReporter -->
<testsuite hostname="DESKTOP-OFVVT2S" failures="0" tests="1" name="FileUpload" time="61.854" errors="0" timestamp="2023-06-09T10:14:40 IST" skipped="0">
  <testcase classname="FileUpload" name="testing" time="61.854"/>
  <system-out/>
</testsuite> <!-- FileUpload -->
