<?xml version="1.0" encoding="UTF-8"?>
<!-- Generated by org.testng.reporters.JUnitReportReporter -->
<testsuite hostname="DESKTOP-OFVVT2S" failures="0" tests="1" name="FileUploadPrgm" time="44.307" errors="0" timestamp="2023-06-05T14:05:32 IST" skipped="0">
  <testcase classname="FileUploadPrgm" name="testing" time="44.307"/>
  <system-out/>
</testsuite> <!-- FileUploadPrgm -->
