<?xml version="1.0" encoding="UTF-8"?>
<!-- Generated by org.testng.reporters.JUnitReportReporter -->
<testsuite hostname="DESKTOP-OFVVT2S" failures="0" tests="1" name="test.Fblogintest" time="1.175" errors="0" timestamp="2023-06-13T10:57:10 IST" skipped="0">
  <testcase classname="test.Fblogintest" name="testlogin" time="1.175"/>
  <system-out/>
</testsuite> <!-- test.Fblogintest -->
